ARM GAS  C:\Users\Alex\AppData\Local\Temp\cc9F3nm9.s 			page 1


   1              		.cpu cortex-m0
   2              		.arch armv6s-m
   3              		.fpu softvfp
   4              		.eabi_attribute 20, 1
   5              		.eabi_attribute 21, 1
   6              		.eabi_attribute 23, 3
   7              		.eabi_attribute 24, 1
   8              		.eabi_attribute 25, 1
   9              		.eabi_attribute 26, 1
  10              		.eabi_attribute 30, 1
  11              		.eabi_attribute 34, 0
  12              		.eabi_attribute 18, 4
  13              		.file	"main.c"
  14              		.text
  15              	.Ltext0:
  16              		.cfi_sections	.debug_frame
  17              		.file 1 "Core/Src/main.c"
  18              		.section	.text.MX_GPIO_Init,"ax",%progbits
  19              		.align	1
  20              		.syntax unified
  21              		.code	16
  22              		.thumb_func
  24              	MX_GPIO_Init:
  25              	.LFB43:
   1:Core/Src/main.c **** /* USER CODE BEGIN Header */
   2:Core/Src/main.c **** /**
   3:Core/Src/main.c ****   ******************************************************************************
   4:Core/Src/main.c ****   * @file           : main.c
   5:Core/Src/main.c ****   * @brief          : Main program body
   6:Core/Src/main.c ****   ******************************************************************************
   7:Core/Src/main.c ****   * @attention
   8:Core/Src/main.c ****   *
   9:Core/Src/main.c ****   * Copyright (c) 2025 STMicroelectronics.
  10:Core/Src/main.c ****   * All rights reserved.
  11:Core/Src/main.c ****   *
  12:Core/Src/main.c ****   * This software is licensed under terms that can be found in the LICENSE file
  13:Core/Src/main.c ****   * in the root directory of this software component.
  14:Core/Src/main.c ****   * If no LICENSE file comes with this software, it is provided AS-IS.
  15:Core/Src/main.c ****   *
  16:Core/Src/main.c ****   ******************************************************************************
  17:Core/Src/main.c ****   */
  18:Core/Src/main.c **** /* USER CODE END Header */
  19:Core/Src/main.c **** /* Includes ------------------------------------------------------------------*/
  20:Core/Src/main.c **** #include "main.h"
  21:Core/Src/main.c **** 
  22:Core/Src/main.c **** /* Private includes ----------------------------------------------------------*/
  23:Core/Src/main.c **** /* USER CODE BEGIN Includes */
  24:Core/Src/main.c **** 
  25:Core/Src/main.c **** /* USER CODE END Includes */
  26:Core/Src/main.c **** 
  27:Core/Src/main.c **** /* Private typedef -----------------------------------------------------------*/
  28:Core/Src/main.c **** /* USER CODE BEGIN PTD */
  29:Core/Src/main.c **** 
  30:Core/Src/main.c **** /* USER CODE END PTD */
  31:Core/Src/main.c **** 
  32:Core/Src/main.c **** /* Private define ------------------------------------------------------------*/
  33:Core/Src/main.c **** /* USER CODE BEGIN PD */
ARM GAS  C:\Users\Alex\AppData\Local\Temp\cc9F3nm9.s 			page 2


  34:Core/Src/main.c **** 
  35:Core/Src/main.c **** /* USER CODE END PD */
  36:Core/Src/main.c **** 
  37:Core/Src/main.c **** /* Private macro -------------------------------------------------------------*/
  38:Core/Src/main.c **** /* USER CODE BEGIN PM */
  39:Core/Src/main.c **** 
  40:Core/Src/main.c **** /* USER CODE END PM */
  41:Core/Src/main.c **** 
  42:Core/Src/main.c **** /* Private variables ---------------------------------------------------------*/
  43:Core/Src/main.c **** UART_HandleTypeDef huart1;
  44:Core/Src/main.c **** 
  45:Core/Src/main.c **** /* USER CODE BEGIN PV */
  46:Core/Src/main.c **** 
  47:Core/Src/main.c **** /* USER CODE END PV */
  48:Core/Src/main.c **** 
  49:Core/Src/main.c **** /* Private function prototypes -----------------------------------------------*/
  50:Core/Src/main.c **** void SystemClock_Config(void);
  51:Core/Src/main.c **** static void MX_GPIO_Init(void);
  52:Core/Src/main.c **** static void MX_USART1_UART_Init(void);
  53:Core/Src/main.c **** /* USER CODE BEGIN PFP */
  54:Core/Src/main.c **** 
  55:Core/Src/main.c **** /* USER CODE END PFP */
  56:Core/Src/main.c **** 
  57:Core/Src/main.c **** /* Private user code ---------------------------------------------------------*/
  58:Core/Src/main.c **** /* USER CODE BEGIN 0 */
  59:Core/Src/main.c **** 
  60:Core/Src/main.c **** /* USER CODE END 0 */
  61:Core/Src/main.c **** 
  62:Core/Src/main.c **** /**
  63:Core/Src/main.c ****   * @brief  The application entry point.
  64:Core/Src/main.c ****   * @retval int
  65:Core/Src/main.c ****   */
  66:Core/Src/main.c **** int main(void)
  67:Core/Src/main.c **** {
  68:Core/Src/main.c **** 
  69:Core/Src/main.c ****   /* USER CODE BEGIN 1 */
  70:Core/Src/main.c **** 
  71:Core/Src/main.c ****   /* USER CODE END 1 */
  72:Core/Src/main.c **** 
  73:Core/Src/main.c ****   /* MCU Configuration--------------------------------------------------------*/
  74:Core/Src/main.c **** 
  75:Core/Src/main.c ****   /* Reset of all peripherals, Initializes the Flash interface and the Systick. */
  76:Core/Src/main.c ****   HAL_Init();
  77:Core/Src/main.c **** 
  78:Core/Src/main.c ****   /* USER CODE BEGIN Init */
  79:Core/Src/main.c **** 
  80:Core/Src/main.c ****   /* USER CODE END Init */
  81:Core/Src/main.c **** 
  82:Core/Src/main.c ****   /* Configure the system clock */
  83:Core/Src/main.c ****   SystemClock_Config();
  84:Core/Src/main.c **** 
  85:Core/Src/main.c ****   /* USER CODE BEGIN SysInit */
  86:Core/Src/main.c **** 
  87:Core/Src/main.c ****   /* USER CODE END SysInit */
  88:Core/Src/main.c **** 
  89:Core/Src/main.c ****   /* Initialize all configured peripherals */
  90:Core/Src/main.c ****   MX_GPIO_Init();
ARM GAS  C:\Users\Alex\AppData\Local\Temp\cc9F3nm9.s 			page 3


  91:Core/Src/main.c ****   MX_USART1_UART_Init();
  92:Core/Src/main.c ****   /* USER CODE BEGIN 2 */
  93:Core/Src/main.c **** 
  94:Core/Src/main.c ****   /* USER CODE END 2 */
  95:Core/Src/main.c **** 
  96:Core/Src/main.c ****   /* Infinite loop */
  97:Core/Src/main.c ****   /* USER CODE BEGIN WHILE */
  98:Core/Src/main.c ****   while (1)
  99:Core/Src/main.c ****   {
 100:Core/Src/main.c ****     /* USER CODE END WHILE */
 101:Core/Src/main.c **** 
 102:Core/Src/main.c ****     /* USER CODE BEGIN 3 */
 103:Core/Src/main.c ****   }
 104:Core/Src/main.c ****   /* USER CODE END 3 */
 105:Core/Src/main.c **** }
 106:Core/Src/main.c **** 
 107:Core/Src/main.c **** /**
 108:Core/Src/main.c ****   * @brief System Clock Configuration
 109:Core/Src/main.c ****   * @retval None
 110:Core/Src/main.c ****   */
 111:Core/Src/main.c **** void SystemClock_Config(void)
 112:Core/Src/main.c **** {
 113:Core/Src/main.c ****   RCC_OscInitTypeDef RCC_OscInitStruct = {0};
 114:Core/Src/main.c ****   RCC_ClkInitTypeDef RCC_ClkInitStruct = {0};
 115:Core/Src/main.c ****   RCC_PeriphCLKInitTypeDef PeriphClkInit = {0};
 116:Core/Src/main.c **** 
 117:Core/Src/main.c ****   /** Initializes the RCC Oscillators according to the specified parameters
 118:Core/Src/main.c ****   * in the RCC_OscInitTypeDef structure.
 119:Core/Src/main.c ****   */
 120:Core/Src/main.c ****   RCC_OscInitStruct.OscillatorType = RCC_OSCILLATORTYPE_HSE;
 121:Core/Src/main.c ****   RCC_OscInitStruct.HSEState = RCC_HSE_ON;
 122:Core/Src/main.c ****   RCC_OscInitStruct.PLL.PLLState = RCC_PLL_NONE;
 123:Core/Src/main.c ****   if (HAL_RCC_OscConfig(&RCC_OscInitStruct) != HAL_OK)
 124:Core/Src/main.c ****   {
 125:Core/Src/main.c ****     Error_Handler();
 126:Core/Src/main.c ****   }
 127:Core/Src/main.c **** 
 128:Core/Src/main.c ****   /** Initializes the CPU, AHB and APB buses clocks
 129:Core/Src/main.c ****   */
 130:Core/Src/main.c ****   RCC_ClkInitStruct.ClockType = RCC_CLOCKTYPE_HCLK|RCC_CLOCKTYPE_SYSCLK
 131:Core/Src/main.c ****                               |RCC_CLOCKTYPE_PCLK1;
 132:Core/Src/main.c ****   RCC_ClkInitStruct.SYSCLKSource = RCC_SYSCLKSOURCE_HSE;
 133:Core/Src/main.c ****   RCC_ClkInitStruct.AHBCLKDivider = RCC_SYSCLK_DIV1;
 134:Core/Src/main.c ****   RCC_ClkInitStruct.APB1CLKDivider = RCC_HCLK_DIV1;
 135:Core/Src/main.c **** 
 136:Core/Src/main.c ****   if (HAL_RCC_ClockConfig(&RCC_ClkInitStruct, FLASH_LATENCY_0) != HAL_OK)
 137:Core/Src/main.c ****   {
 138:Core/Src/main.c ****     Error_Handler();
 139:Core/Src/main.c ****   }
 140:Core/Src/main.c ****   PeriphClkInit.PeriphClockSelection = RCC_PERIPHCLK_USART1;
 141:Core/Src/main.c ****   PeriphClkInit.Usart1ClockSelection = RCC_USART1CLKSOURCE_PCLK1;
 142:Core/Src/main.c ****   if (HAL_RCCEx_PeriphCLKConfig(&PeriphClkInit) != HAL_OK)
 143:Core/Src/main.c ****   {
 144:Core/Src/main.c ****     Error_Handler();
 145:Core/Src/main.c ****   }
 146:Core/Src/main.c **** }
 147:Core/Src/main.c **** 
ARM GAS  C:\Users\Alex\AppData\Local\Temp\cc9F3nm9.s 			page 4


 148:Core/Src/main.c **** /**
 149:Core/Src/main.c ****   * @brief USART1 Initialization Function
 150:Core/Src/main.c ****   * @param None
 151:Core/Src/main.c ****   * @retval None
 152:Core/Src/main.c ****   */
 153:Core/Src/main.c **** static void MX_USART1_UART_Init(void)
 154:Core/Src/main.c **** {
 155:Core/Src/main.c **** 
 156:Core/Src/main.c ****   /* USER CODE BEGIN USART1_Init 0 */
 157:Core/Src/main.c **** 
 158:Core/Src/main.c ****   /* USER CODE END USART1_Init 0 */
 159:Core/Src/main.c **** 
 160:Core/Src/main.c ****   /* USER CODE BEGIN USART1_Init 1 */
 161:Core/Src/main.c **** 
 162:Core/Src/main.c ****   /* USER CODE END USART1_Init 1 */
 163:Core/Src/main.c ****   huart1.Instance = USART1;
 164:Core/Src/main.c ****   huart1.Init.BaudRate = 1200;
 165:Core/Src/main.c ****   huart1.Init.WordLength = UART_WORDLENGTH_8B;
 166:Core/Src/main.c ****   huart1.Init.StopBits = UART_STOPBITS_1;
 167:Core/Src/main.c ****   huart1.Init.Parity = UART_PARITY_NONE;
 168:Core/Src/main.c ****   huart1.Init.Mode = UART_MODE_TX_RX;
 169:Core/Src/main.c ****   huart1.Init.HwFlowCtl = UART_HWCONTROL_NONE;
 170:Core/Src/main.c ****   huart1.Init.OverSampling = UART_OVERSAMPLING_8;
 171:Core/Src/main.c ****   huart1.Init.OneBitSampling = UART_ONE_BIT_SAMPLE_ENABLE;
 172:Core/Src/main.c ****   huart1.AdvancedInit.AdvFeatureInit = UART_ADVFEATURE_TXINVERT_INIT|UART_ADVFEATURE_RXINVERT_INIT
 173:Core/Src/main.c ****                               |UART_ADVFEATURE_DATAINVERT_INIT;
 174:Core/Src/main.c ****   huart1.AdvancedInit.TxPinLevelInvert = UART_ADVFEATURE_TXINV_ENABLE;
 175:Core/Src/main.c ****   huart1.AdvancedInit.RxPinLevelInvert = UART_ADVFEATURE_RXINV_ENABLE;
 176:Core/Src/main.c ****   huart1.AdvancedInit.DataInvert = UART_ADVFEATURE_DATAINV_ENABLE;
 177:Core/Src/main.c ****   if (HAL_UART_Init(&huart1) != HAL_OK)
 178:Core/Src/main.c ****   {
 179:Core/Src/main.c ****     Error_Handler();
 180:Core/Src/main.c ****   }
 181:Core/Src/main.c ****   /* USER CODE BEGIN USART1_Init 2 */
 182:Core/Src/main.c **** 
 183:Core/Src/main.c ****   /* USER CODE END USART1_Init 2 */
 184:Core/Src/main.c **** 
 185:Core/Src/main.c **** }
 186:Core/Src/main.c **** 
 187:Core/Src/main.c **** /**
 188:Core/Src/main.c ****   * @brief GPIO Initialization Function
 189:Core/Src/main.c ****   * @param None
 190:Core/Src/main.c ****   * @retval None
 191:Core/Src/main.c ****   */
 192:Core/Src/main.c **** static void MX_GPIO_Init(void)
 193:Core/Src/main.c **** {
  26              		.loc 1 193 1 view -0
  27              		.cfi_startproc
  28              		@ args = 0, pretend = 0, frame = 8
  29              		@ frame_needed = 0, uses_anonymous_args = 0
  30              		@ link register save eliminated.
  31 0000 82B0     		sub	sp, sp, #8
  32              	.LCFI0:
  33              		.cfi_def_cfa_offset 8
 194:Core/Src/main.c **** /* USER CODE BEGIN MX_GPIO_Init_1 */
 195:Core/Src/main.c **** /* USER CODE END MX_GPIO_Init_1 */
 196:Core/Src/main.c **** 
ARM GAS  C:\Users\Alex\AppData\Local\Temp\cc9F3nm9.s 			page 5


 197:Core/Src/main.c ****   /* GPIO Ports Clock Enable */
 198:Core/Src/main.c ****   __HAL_RCC_GPIOF_CLK_ENABLE();
  34              		.loc 1 198 3 view .LVU1
  35              	.LBB4:
  36              		.loc 1 198 3 view .LVU2
  37              		.loc 1 198 3 view .LVU3
  38 0002 0A4B     		ldr	r3, .L2
  39 0004 5A69     		ldr	r2, [r3, #20]
  40 0006 8021     		movs	r1, #128
  41 0008 C903     		lsls	r1, r1, #15
  42 000a 0A43     		orrs	r2, r1
  43 000c 5A61     		str	r2, [r3, #20]
  44              		.loc 1 198 3 view .LVU4
  45 000e 5A69     		ldr	r2, [r3, #20]
  46 0010 0A40     		ands	r2, r1
  47 0012 0092     		str	r2, [sp]
  48              		.loc 1 198 3 view .LVU5
  49 0014 009A     		ldr	r2, [sp]
  50              	.LBE4:
  51              		.loc 1 198 3 view .LVU6
 199:Core/Src/main.c ****   __HAL_RCC_GPIOA_CLK_ENABLE();
  52              		.loc 1 199 3 view .LVU7
  53              	.LBB5:
  54              		.loc 1 199 3 view .LVU8
  55              		.loc 1 199 3 view .LVU9
  56 0016 5A69     		ldr	r2, [r3, #20]
  57 0018 8021     		movs	r1, #128
  58 001a 8902     		lsls	r1, r1, #10
  59 001c 0A43     		orrs	r2, r1
  60 001e 5A61     		str	r2, [r3, #20]
  61              		.loc 1 199 3 view .LVU10
  62 0020 5B69     		ldr	r3, [r3, #20]
  63 0022 0B40     		ands	r3, r1
  64 0024 0193     		str	r3, [sp, #4]
  65              		.loc 1 199 3 view .LVU11
  66 0026 019B     		ldr	r3, [sp, #4]
  67              	.LBE5:
  68              		.loc 1 199 3 view .LVU12
 200:Core/Src/main.c **** 
 201:Core/Src/main.c **** /* USER CODE BEGIN MX_GPIO_Init_2 */
 202:Core/Src/main.c **** /* USER CODE END MX_GPIO_Init_2 */
 203:Core/Src/main.c **** }
  69              		.loc 1 203 1 is_stmt 0 view .LVU13
  70 0028 02B0     		add	sp, sp, #8
  71              		@ sp needed
  72 002a 7047     		bx	lr
  73              	.L3:
  74              		.align	2
  75              	.L2:
  76 002c 00100240 		.word	1073876992
  77              		.cfi_endproc
  78              	.LFE43:
  80              		.section	.text.Error_Handler,"ax",%progbits
  81              		.align	1
  82              		.global	Error_Handler
  83              		.syntax unified
  84              		.code	16
ARM GAS  C:\Users\Alex\AppData\Local\Temp\cc9F3nm9.s 			page 6


  85              		.thumb_func
  87              	Error_Handler:
  88              	.LFB44:
 204:Core/Src/main.c **** 
 205:Core/Src/main.c **** /* USER CODE BEGIN 4 */
 206:Core/Src/main.c **** 
 207:Core/Src/main.c **** /* USER CODE END 4 */
 208:Core/Src/main.c **** 
 209:Core/Src/main.c **** /**
 210:Core/Src/main.c ****   * @brief  This function is executed in case of error occurrence.
 211:Core/Src/main.c ****   * @retval None
 212:Core/Src/main.c ****   */
 213:Core/Src/main.c **** void Error_Handler(void)
 214:Core/Src/main.c **** {
  89              		.loc 1 214 1 is_stmt 1 view -0
  90              		.cfi_startproc
  91              		@ Volatile: function does not return.
  92              		@ args = 0, pretend = 0, frame = 0
  93              		@ frame_needed = 0, uses_anonymous_args = 0
  94              		@ link register save eliminated.
 215:Core/Src/main.c ****   /* USER CODE BEGIN Error_Handler_Debug */
 216:Core/Src/main.c ****   /* User can add his own implementation to report the HAL error return state */
 217:Core/Src/main.c ****   __disable_irq();
  95              		.loc 1 217 3 view .LVU15
  96              	.LBB6:
  97              	.LBI6:
  98              		.file 2 "C:/Users/Alex/STM32Cube/Repository/STM32Cube_FW_F0_V1.11.5/Drivers/CMSIS/Include/cmsis_gc
   1:C:/Users/Alex/STM32Cube/Repository/STM32Cube_FW_F0_V1.11.5/Drivers/CMSIS/Include\cmsis_gcc.h **** /**************************************************************************//**
   2:C:/Users/Alex/STM32Cube/Repository/STM32Cube_FW_F0_V1.11.5/Drivers/CMSIS/Include\cmsis_gcc.h ****  * @file     cmsis_gcc.h
   3:C:/Users/Alex/STM32Cube/Repository/STM32Cube_FW_F0_V1.11.5/Drivers/CMSIS/Include\cmsis_gcc.h ****  * @brief    CMSIS compiler GCC header file
   4:C:/Users/Alex/STM32Cube/Repository/STM32Cube_FW_F0_V1.11.5/Drivers/CMSIS/Include\cmsis_gcc.h ****  * @version  V5.0.4
   5:C:/Users/Alex/STM32Cube/Repository/STM32Cube_FW_F0_V1.11.5/Drivers/CMSIS/Include\cmsis_gcc.h ****  * @date     09. April 2018
   6:C:/Users/Alex/STM32Cube/Repository/STM32Cube_FW_F0_V1.11.5/Drivers/CMSIS/Include\cmsis_gcc.h ****  ******************************************************************************/
   7:C:/Users/Alex/STM32Cube/Repository/STM32Cube_FW_F0_V1.11.5/Drivers/CMSIS/Include\cmsis_gcc.h **** /*
   8:C:/Users/Alex/STM32Cube/Repository/STM32Cube_FW_F0_V1.11.5/Drivers/CMSIS/Include\cmsis_gcc.h ****  * Copyright (c) 2009-2018 Arm Limited. All rights reserved.
   9:C:/Users/Alex/STM32Cube/Repository/STM32Cube_FW_F0_V1.11.5/Drivers/CMSIS/Include\cmsis_gcc.h ****  *
  10:C:/Users/Alex/STM32Cube/Repository/STM32Cube_FW_F0_V1.11.5/Drivers/CMSIS/Include\cmsis_gcc.h ****  * SPDX-License-Identifier: Apache-2.0
  11:C:/Users/Alex/STM32Cube/Repository/STM32Cube_FW_F0_V1.11.5/Drivers/CMSIS/Include\cmsis_gcc.h ****  *
  12:C:/Users/Alex/STM32Cube/Repository/STM32Cube_FW_F0_V1.11.5/Drivers/CMSIS/Include\cmsis_gcc.h ****  * Licensed under the Apache License, Version 2.0 (the License); you may
  13:C:/Users/Alex/STM32Cube/Repository/STM32Cube_FW_F0_V1.11.5/Drivers/CMSIS/Include\cmsis_gcc.h ****  * not use this file except in compliance with the License.
  14:C:/Users/Alex/STM32Cube/Repository/STM32Cube_FW_F0_V1.11.5/Drivers/CMSIS/Include\cmsis_gcc.h ****  * You may obtain a copy of the License at
  15:C:/Users/Alex/STM32Cube/Repository/STM32Cube_FW_F0_V1.11.5/Drivers/CMSIS/Include\cmsis_gcc.h ****  *
  16:C:/Users/Alex/STM32Cube/Repository/STM32Cube_FW_F0_V1.11.5/Drivers/CMSIS/Include\cmsis_gcc.h ****  * www.apache.org/licenses/LICENSE-2.0
  17:C:/Users/Alex/STM32Cube/Repository/STM32Cube_FW_F0_V1.11.5/Drivers/CMSIS/Include\cmsis_gcc.h ****  *
  18:C:/Users/Alex/STM32Cube/Repository/STM32Cube_FW_F0_V1.11.5/Drivers/CMSIS/Include\cmsis_gcc.h ****  * Unless required by applicable law or agreed to in writing, software
  19:C:/Users/Alex/STM32Cube/Repository/STM32Cube_FW_F0_V1.11.5/Drivers/CMSIS/Include\cmsis_gcc.h ****  * distributed under the License is distributed on an AS IS BASIS, WITHOUT
  20:C:/Users/Alex/STM32Cube/Repository/STM32Cube_FW_F0_V1.11.5/Drivers/CMSIS/Include\cmsis_gcc.h ****  * WARRANTIES OR CONDITIONS OF ANY KIND, either express or implied.
  21:C:/Users/Alex/STM32Cube/Repository/STM32Cube_FW_F0_V1.11.5/Drivers/CMSIS/Include\cmsis_gcc.h ****  * See the License for the specific language governing permissions and
  22:C:/Users/Alex/STM32Cube/Repository/STM32Cube_FW_F0_V1.11.5/Drivers/CMSIS/Include\cmsis_gcc.h ****  * limitations under the License.
  23:C:/Users/Alex/STM32Cube/Repository/STM32Cube_FW_F0_V1.11.5/Drivers/CMSIS/Include\cmsis_gcc.h ****  */
  24:C:/Users/Alex/STM32Cube/Repository/STM32Cube_FW_F0_V1.11.5/Drivers/CMSIS/Include\cmsis_gcc.h **** 
  25:C:/Users/Alex/STM32Cube/Repository/STM32Cube_FW_F0_V1.11.5/Drivers/CMSIS/Include\cmsis_gcc.h **** #ifndef __CMSIS_GCC_H
  26:C:/Users/Alex/STM32Cube/Repository/STM32Cube_FW_F0_V1.11.5/Drivers/CMSIS/Include\cmsis_gcc.h **** #define __CMSIS_GCC_H
  27:C:/Users/Alex/STM32Cube/Repository/STM32Cube_FW_F0_V1.11.5/Drivers/CMSIS/Include\cmsis_gcc.h **** 
  28:C:/Users/Alex/STM32Cube/Repository/STM32Cube_FW_F0_V1.11.5/Drivers/CMSIS/Include\cmsis_gcc.h **** /* ignore some GCC warnings */
  29:C:/Users/Alex/STM32Cube/Repository/STM32Cube_FW_F0_V1.11.5/Drivers/CMSIS/Include\cmsis_gcc.h **** #pragma GCC diagnostic push
  30:C:/Users/Alex/STM32Cube/Repository/STM32Cube_FW_F0_V1.11.5/Drivers/CMSIS/Include\cmsis_gcc.h **** #pragma GCC diagnostic ignored "-Wsign-conversion"
ARM GAS  C:\Users\Alex\AppData\Local\Temp\cc9F3nm9.s 			page 7


  31:C:/Users/Alex/STM32Cube/Repository/STM32Cube_FW_F0_V1.11.5/Drivers/CMSIS/Include\cmsis_gcc.h **** #pragma GCC diagnostic ignored "-Wconversion"
  32:C:/Users/Alex/STM32Cube/Repository/STM32Cube_FW_F0_V1.11.5/Drivers/CMSIS/Include\cmsis_gcc.h **** #pragma GCC diagnostic ignored "-Wunused-parameter"
  33:C:/Users/Alex/STM32Cube/Repository/STM32Cube_FW_F0_V1.11.5/Drivers/CMSIS/Include\cmsis_gcc.h **** 
  34:C:/Users/Alex/STM32Cube/Repository/STM32Cube_FW_F0_V1.11.5/Drivers/CMSIS/Include\cmsis_gcc.h **** /* Fallback for __has_builtin */
  35:C:/Users/Alex/STM32Cube/Repository/STM32Cube_FW_F0_V1.11.5/Drivers/CMSIS/Include\cmsis_gcc.h **** #ifndef __has_builtin
  36:C:/Users/Alex/STM32Cube/Repository/STM32Cube_FW_F0_V1.11.5/Drivers/CMSIS/Include\cmsis_gcc.h ****   #define __has_builtin(x) (0)
  37:C:/Users/Alex/STM32Cube/Repository/STM32Cube_FW_F0_V1.11.5/Drivers/CMSIS/Include\cmsis_gcc.h **** #endif
  38:C:/Users/Alex/STM32Cube/Repository/STM32Cube_FW_F0_V1.11.5/Drivers/CMSIS/Include\cmsis_gcc.h **** 
  39:C:/Users/Alex/STM32Cube/Repository/STM32Cube_FW_F0_V1.11.5/Drivers/CMSIS/Include\cmsis_gcc.h **** /* CMSIS compiler specific defines */
  40:C:/Users/Alex/STM32Cube/Repository/STM32Cube_FW_F0_V1.11.5/Drivers/CMSIS/Include\cmsis_gcc.h **** #ifndef   __ASM
  41:C:/Users/Alex/STM32Cube/Repository/STM32Cube_FW_F0_V1.11.5/Drivers/CMSIS/Include\cmsis_gcc.h ****   #define __ASM                                  __asm
  42:C:/Users/Alex/STM32Cube/Repository/STM32Cube_FW_F0_V1.11.5/Drivers/CMSIS/Include\cmsis_gcc.h **** #endif
  43:C:/Users/Alex/STM32Cube/Repository/STM32Cube_FW_F0_V1.11.5/Drivers/CMSIS/Include\cmsis_gcc.h **** #ifndef   __INLINE
  44:C:/Users/Alex/STM32Cube/Repository/STM32Cube_FW_F0_V1.11.5/Drivers/CMSIS/Include\cmsis_gcc.h ****   #define __INLINE                               inline
  45:C:/Users/Alex/STM32Cube/Repository/STM32Cube_FW_F0_V1.11.5/Drivers/CMSIS/Include\cmsis_gcc.h **** #endif
  46:C:/Users/Alex/STM32Cube/Repository/STM32Cube_FW_F0_V1.11.5/Drivers/CMSIS/Include\cmsis_gcc.h **** #ifndef   __STATIC_INLINE
  47:C:/Users/Alex/STM32Cube/Repository/STM32Cube_FW_F0_V1.11.5/Drivers/CMSIS/Include\cmsis_gcc.h ****   #define __STATIC_INLINE                        static inline
  48:C:/Users/Alex/STM32Cube/Repository/STM32Cube_FW_F0_V1.11.5/Drivers/CMSIS/Include\cmsis_gcc.h **** #endif
  49:C:/Users/Alex/STM32Cube/Repository/STM32Cube_FW_F0_V1.11.5/Drivers/CMSIS/Include\cmsis_gcc.h **** #ifndef   __STATIC_FORCEINLINE                 
  50:C:/Users/Alex/STM32Cube/Repository/STM32Cube_FW_F0_V1.11.5/Drivers/CMSIS/Include\cmsis_gcc.h ****   #define __STATIC_FORCEINLINE                   __attribute__((always_inline)) static inline
  51:C:/Users/Alex/STM32Cube/Repository/STM32Cube_FW_F0_V1.11.5/Drivers/CMSIS/Include\cmsis_gcc.h **** #endif                                           
  52:C:/Users/Alex/STM32Cube/Repository/STM32Cube_FW_F0_V1.11.5/Drivers/CMSIS/Include\cmsis_gcc.h **** #ifndef   __NO_RETURN
  53:C:/Users/Alex/STM32Cube/Repository/STM32Cube_FW_F0_V1.11.5/Drivers/CMSIS/Include\cmsis_gcc.h ****   #define __NO_RETURN                            __attribute__((__noreturn__))
  54:C:/Users/Alex/STM32Cube/Repository/STM32Cube_FW_F0_V1.11.5/Drivers/CMSIS/Include\cmsis_gcc.h **** #endif
  55:C:/Users/Alex/STM32Cube/Repository/STM32Cube_FW_F0_V1.11.5/Drivers/CMSIS/Include\cmsis_gcc.h **** #ifndef   __USED
  56:C:/Users/Alex/STM32Cube/Repository/STM32Cube_FW_F0_V1.11.5/Drivers/CMSIS/Include\cmsis_gcc.h ****   #define __USED                                 __attribute__((used))
  57:C:/Users/Alex/STM32Cube/Repository/STM32Cube_FW_F0_V1.11.5/Drivers/CMSIS/Include\cmsis_gcc.h **** #endif
  58:C:/Users/Alex/STM32Cube/Repository/STM32Cube_FW_F0_V1.11.5/Drivers/CMSIS/Include\cmsis_gcc.h **** #ifndef   __WEAK
  59:C:/Users/Alex/STM32Cube/Repository/STM32Cube_FW_F0_V1.11.5/Drivers/CMSIS/Include\cmsis_gcc.h ****   #define __WEAK                                 __attribute__((weak))
  60:C:/Users/Alex/STM32Cube/Repository/STM32Cube_FW_F0_V1.11.5/Drivers/CMSIS/Include\cmsis_gcc.h **** #endif
  61:C:/Users/Alex/STM32Cube/Repository/STM32Cube_FW_F0_V1.11.5/Drivers/CMSIS/Include\cmsis_gcc.h **** #ifndef   __PACKED
  62:C:/Users/Alex/STM32Cube/Repository/STM32Cube_FW_F0_V1.11.5/Drivers/CMSIS/Include\cmsis_gcc.h ****   #define __PACKED                               __attribute__((packed, aligned(1)))
  63:C:/Users/Alex/STM32Cube/Repository/STM32Cube_FW_F0_V1.11.5/Drivers/CMSIS/Include\cmsis_gcc.h **** #endif
  64:C:/Users/Alex/STM32Cube/Repository/STM32Cube_FW_F0_V1.11.5/Drivers/CMSIS/Include\cmsis_gcc.h **** #ifndef   __PACKED_STRUCT
  65:C:/Users/Alex/STM32Cube/Repository/STM32Cube_FW_F0_V1.11.5/Drivers/CMSIS/Include\cmsis_gcc.h ****   #define __PACKED_STRUCT                        struct __attribute__((packed, aligned(1)))
  66:C:/Users/Alex/STM32Cube/Repository/STM32Cube_FW_F0_V1.11.5/Drivers/CMSIS/Include\cmsis_gcc.h **** #endif
  67:C:/Users/Alex/STM32Cube/Repository/STM32Cube_FW_F0_V1.11.5/Drivers/CMSIS/Include\cmsis_gcc.h **** #ifndef   __PACKED_UNION
  68:C:/Users/Alex/STM32Cube/Repository/STM32Cube_FW_F0_V1.11.5/Drivers/CMSIS/Include\cmsis_gcc.h ****   #define __PACKED_UNION                         union __attribute__((packed, aligned(1)))
  69:C:/Users/Alex/STM32Cube/Repository/STM32Cube_FW_F0_V1.11.5/Drivers/CMSIS/Include\cmsis_gcc.h **** #endif
  70:C:/Users/Alex/STM32Cube/Repository/STM32Cube_FW_F0_V1.11.5/Drivers/CMSIS/Include\cmsis_gcc.h **** #ifndef   __UNALIGNED_UINT32        /* deprecated */
  71:C:/Users/Alex/STM32Cube/Repository/STM32Cube_FW_F0_V1.11.5/Drivers/CMSIS/Include\cmsis_gcc.h ****   #pragma GCC diagnostic push
  72:C:/Users/Alex/STM32Cube/Repository/STM32Cube_FW_F0_V1.11.5/Drivers/CMSIS/Include\cmsis_gcc.h ****   #pragma GCC diagnostic ignored "-Wpacked"
  73:C:/Users/Alex/STM32Cube/Repository/STM32Cube_FW_F0_V1.11.5/Drivers/CMSIS/Include\cmsis_gcc.h ****   #pragma GCC diagnostic ignored "-Wattributes"
  74:C:/Users/Alex/STM32Cube/Repository/STM32Cube_FW_F0_V1.11.5/Drivers/CMSIS/Include\cmsis_gcc.h ****   struct __attribute__((packed)) T_UINT32 { uint32_t v; };
  75:C:/Users/Alex/STM32Cube/Repository/STM32Cube_FW_F0_V1.11.5/Drivers/CMSIS/Include\cmsis_gcc.h ****   #pragma GCC diagnostic pop
  76:C:/Users/Alex/STM32Cube/Repository/STM32Cube_FW_F0_V1.11.5/Drivers/CMSIS/Include\cmsis_gcc.h ****   #define __UNALIGNED_UINT32(x)                  (((struct T_UINT32 *)(x))->v)
  77:C:/Users/Alex/STM32Cube/Repository/STM32Cube_FW_F0_V1.11.5/Drivers/CMSIS/Include\cmsis_gcc.h **** #endif
  78:C:/Users/Alex/STM32Cube/Repository/STM32Cube_FW_F0_V1.11.5/Drivers/CMSIS/Include\cmsis_gcc.h **** #ifndef   __UNALIGNED_UINT16_WRITE
  79:C:/Users/Alex/STM32Cube/Repository/STM32Cube_FW_F0_V1.11.5/Drivers/CMSIS/Include\cmsis_gcc.h ****   #pragma GCC diagnostic push
  80:C:/Users/Alex/STM32Cube/Repository/STM32Cube_FW_F0_V1.11.5/Drivers/CMSIS/Include\cmsis_gcc.h ****   #pragma GCC diagnostic ignored "-Wpacked"
  81:C:/Users/Alex/STM32Cube/Repository/STM32Cube_FW_F0_V1.11.5/Drivers/CMSIS/Include\cmsis_gcc.h ****   #pragma GCC diagnostic ignored "-Wattributes"
  82:C:/Users/Alex/STM32Cube/Repository/STM32Cube_FW_F0_V1.11.5/Drivers/CMSIS/Include\cmsis_gcc.h ****   __PACKED_STRUCT T_UINT16_WRITE { uint16_t v; };
  83:C:/Users/Alex/STM32Cube/Repository/STM32Cube_FW_F0_V1.11.5/Drivers/CMSIS/Include\cmsis_gcc.h ****   #pragma GCC diagnostic pop
  84:C:/Users/Alex/STM32Cube/Repository/STM32Cube_FW_F0_V1.11.5/Drivers/CMSIS/Include\cmsis_gcc.h ****   #define __UNALIGNED_UINT16_WRITE(addr, val)    (void)((((struct T_UINT16_WRITE *)(void *)(addr))-
  85:C:/Users/Alex/STM32Cube/Repository/STM32Cube_FW_F0_V1.11.5/Drivers/CMSIS/Include\cmsis_gcc.h **** #endif
  86:C:/Users/Alex/STM32Cube/Repository/STM32Cube_FW_F0_V1.11.5/Drivers/CMSIS/Include\cmsis_gcc.h **** #ifndef   __UNALIGNED_UINT16_READ
  87:C:/Users/Alex/STM32Cube/Repository/STM32Cube_FW_F0_V1.11.5/Drivers/CMSIS/Include\cmsis_gcc.h ****   #pragma GCC diagnostic push
ARM GAS  C:\Users\Alex\AppData\Local\Temp\cc9F3nm9.s 			page 8


  88:C:/Users/Alex/STM32Cube/Repository/STM32Cube_FW_F0_V1.11.5/Drivers/CMSIS/Include\cmsis_gcc.h ****   #pragma GCC diagnostic ignored "-Wpacked"
  89:C:/Users/Alex/STM32Cube/Repository/STM32Cube_FW_F0_V1.11.5/Drivers/CMSIS/Include\cmsis_gcc.h ****   #pragma GCC diagnostic ignored "-Wattributes"
  90:C:/Users/Alex/STM32Cube/Repository/STM32Cube_FW_F0_V1.11.5/Drivers/CMSIS/Include\cmsis_gcc.h ****   __PACKED_STRUCT T_UINT16_READ { uint16_t v; };
  91:C:/Users/Alex/STM32Cube/Repository/STM32Cube_FW_F0_V1.11.5/Drivers/CMSIS/Include\cmsis_gcc.h ****   #pragma GCC diagnostic pop
  92:C:/Users/Alex/STM32Cube/Repository/STM32Cube_FW_F0_V1.11.5/Drivers/CMSIS/Include\cmsis_gcc.h ****   #define __UNALIGNED_UINT16_READ(addr)          (((const struct T_UINT16_READ *)(const void *)(add
  93:C:/Users/Alex/STM32Cube/Repository/STM32Cube_FW_F0_V1.11.5/Drivers/CMSIS/Include\cmsis_gcc.h **** #endif
  94:C:/Users/Alex/STM32Cube/Repository/STM32Cube_FW_F0_V1.11.5/Drivers/CMSIS/Include\cmsis_gcc.h **** #ifndef   __UNALIGNED_UINT32_WRITE
  95:C:/Users/Alex/STM32Cube/Repository/STM32Cube_FW_F0_V1.11.5/Drivers/CMSIS/Include\cmsis_gcc.h ****   #pragma GCC diagnostic push
  96:C:/Users/Alex/STM32Cube/Repository/STM32Cube_FW_F0_V1.11.5/Drivers/CMSIS/Include\cmsis_gcc.h ****   #pragma GCC diagnostic ignored "-Wpacked"
  97:C:/Users/Alex/STM32Cube/Repository/STM32Cube_FW_F0_V1.11.5/Drivers/CMSIS/Include\cmsis_gcc.h ****   #pragma GCC diagnostic ignored "-Wattributes"
  98:C:/Users/Alex/STM32Cube/Repository/STM32Cube_FW_F0_V1.11.5/Drivers/CMSIS/Include\cmsis_gcc.h ****   __PACKED_STRUCT T_UINT32_WRITE { uint32_t v; };
  99:C:/Users/Alex/STM32Cube/Repository/STM32Cube_FW_F0_V1.11.5/Drivers/CMSIS/Include\cmsis_gcc.h ****   #pragma GCC diagnostic pop
 100:C:/Users/Alex/STM32Cube/Repository/STM32Cube_FW_F0_V1.11.5/Drivers/CMSIS/Include\cmsis_gcc.h ****   #define __UNALIGNED_UINT32_WRITE(addr, val)    (void)((((struct T_UINT32_WRITE *)(void *)(addr))-
 101:C:/Users/Alex/STM32Cube/Repository/STM32Cube_FW_F0_V1.11.5/Drivers/CMSIS/Include\cmsis_gcc.h **** #endif
 102:C:/Users/Alex/STM32Cube/Repository/STM32Cube_FW_F0_V1.11.5/Drivers/CMSIS/Include\cmsis_gcc.h **** #ifndef   __UNALIGNED_UINT32_READ
 103:C:/Users/Alex/STM32Cube/Repository/STM32Cube_FW_F0_V1.11.5/Drivers/CMSIS/Include\cmsis_gcc.h ****   #pragma GCC diagnostic push
 104:C:/Users/Alex/STM32Cube/Repository/STM32Cube_FW_F0_V1.11.5/Drivers/CMSIS/Include\cmsis_gcc.h ****   #pragma GCC diagnostic ignored "-Wpacked"
 105:C:/Users/Alex/STM32Cube/Repository/STM32Cube_FW_F0_V1.11.5/Drivers/CMSIS/Include\cmsis_gcc.h ****   #pragma GCC diagnostic ignored "-Wattributes"
 106:C:/Users/Alex/STM32Cube/Repository/STM32Cube_FW_F0_V1.11.5/Drivers/CMSIS/Include\cmsis_gcc.h ****   __PACKED_STRUCT T_UINT32_READ { uint32_t v; };
 107:C:/Users/Alex/STM32Cube/Repository/STM32Cube_FW_F0_V1.11.5/Drivers/CMSIS/Include\cmsis_gcc.h ****   #pragma GCC diagnostic pop
 108:C:/Users/Alex/STM32Cube/Repository/STM32Cube_FW_F0_V1.11.5/Drivers/CMSIS/Include\cmsis_gcc.h ****   #define __UNALIGNED_UINT32_READ(addr)          (((const struct T_UINT32_READ *)(const void *)(add
 109:C:/Users/Alex/STM32Cube/Repository/STM32Cube_FW_F0_V1.11.5/Drivers/CMSIS/Include\cmsis_gcc.h **** #endif
 110:C:/Users/Alex/STM32Cube/Repository/STM32Cube_FW_F0_V1.11.5/Drivers/CMSIS/Include\cmsis_gcc.h **** #ifndef   __ALIGNED
 111:C:/Users/Alex/STM32Cube/Repository/STM32Cube_FW_F0_V1.11.5/Drivers/CMSIS/Include\cmsis_gcc.h ****   #define __ALIGNED(x)                           __attribute__((aligned(x)))
 112:C:/Users/Alex/STM32Cube/Repository/STM32Cube_FW_F0_V1.11.5/Drivers/CMSIS/Include\cmsis_gcc.h **** #endif
 113:C:/Users/Alex/STM32Cube/Repository/STM32Cube_FW_F0_V1.11.5/Drivers/CMSIS/Include\cmsis_gcc.h **** #ifndef   __RESTRICT
 114:C:/Users/Alex/STM32Cube/Repository/STM32Cube_FW_F0_V1.11.5/Drivers/CMSIS/Include\cmsis_gcc.h ****   #define __RESTRICT                             __restrict
 115:C:/Users/Alex/STM32Cube/Repository/STM32Cube_FW_F0_V1.11.5/Drivers/CMSIS/Include\cmsis_gcc.h **** #endif
 116:C:/Users/Alex/STM32Cube/Repository/STM32Cube_FW_F0_V1.11.5/Drivers/CMSIS/Include\cmsis_gcc.h **** 
 117:C:/Users/Alex/STM32Cube/Repository/STM32Cube_FW_F0_V1.11.5/Drivers/CMSIS/Include\cmsis_gcc.h **** 
 118:C:/Users/Alex/STM32Cube/Repository/STM32Cube_FW_F0_V1.11.5/Drivers/CMSIS/Include\cmsis_gcc.h **** /* ###########################  Core Function Access  ########################### */
 119:C:/Users/Alex/STM32Cube/Repository/STM32Cube_FW_F0_V1.11.5/Drivers/CMSIS/Include\cmsis_gcc.h **** /** \ingroup  CMSIS_Core_FunctionInterface
 120:C:/Users/Alex/STM32Cube/Repository/STM32Cube_FW_F0_V1.11.5/Drivers/CMSIS/Include\cmsis_gcc.h ****     \defgroup CMSIS_Core_RegAccFunctions CMSIS Core Register Access Functions
 121:C:/Users/Alex/STM32Cube/Repository/STM32Cube_FW_F0_V1.11.5/Drivers/CMSIS/Include\cmsis_gcc.h ****   @{
 122:C:/Users/Alex/STM32Cube/Repository/STM32Cube_FW_F0_V1.11.5/Drivers/CMSIS/Include\cmsis_gcc.h ****  */
 123:C:/Users/Alex/STM32Cube/Repository/STM32Cube_FW_F0_V1.11.5/Drivers/CMSIS/Include\cmsis_gcc.h **** 
 124:C:/Users/Alex/STM32Cube/Repository/STM32Cube_FW_F0_V1.11.5/Drivers/CMSIS/Include\cmsis_gcc.h **** /**
 125:C:/Users/Alex/STM32Cube/Repository/STM32Cube_FW_F0_V1.11.5/Drivers/CMSIS/Include\cmsis_gcc.h ****   \brief   Enable IRQ Interrupts
 126:C:/Users/Alex/STM32Cube/Repository/STM32Cube_FW_F0_V1.11.5/Drivers/CMSIS/Include\cmsis_gcc.h ****   \details Enables IRQ interrupts by clearing the I-bit in the CPSR.
 127:C:/Users/Alex/STM32Cube/Repository/STM32Cube_FW_F0_V1.11.5/Drivers/CMSIS/Include\cmsis_gcc.h ****            Can only be executed in Privileged modes.
 128:C:/Users/Alex/STM32Cube/Repository/STM32Cube_FW_F0_V1.11.5/Drivers/CMSIS/Include\cmsis_gcc.h ****  */
 129:C:/Users/Alex/STM32Cube/Repository/STM32Cube_FW_F0_V1.11.5/Drivers/CMSIS/Include\cmsis_gcc.h **** __STATIC_FORCEINLINE void __enable_irq(void)
 130:C:/Users/Alex/STM32Cube/Repository/STM32Cube_FW_F0_V1.11.5/Drivers/CMSIS/Include\cmsis_gcc.h **** {
 131:C:/Users/Alex/STM32Cube/Repository/STM32Cube_FW_F0_V1.11.5/Drivers/CMSIS/Include\cmsis_gcc.h ****   __ASM volatile ("cpsie i" : : : "memory");
 132:C:/Users/Alex/STM32Cube/Repository/STM32Cube_FW_F0_V1.11.5/Drivers/CMSIS/Include\cmsis_gcc.h **** }
 133:C:/Users/Alex/STM32Cube/Repository/STM32Cube_FW_F0_V1.11.5/Drivers/CMSIS/Include\cmsis_gcc.h **** 
 134:C:/Users/Alex/STM32Cube/Repository/STM32Cube_FW_F0_V1.11.5/Drivers/CMSIS/Include\cmsis_gcc.h **** 
 135:C:/Users/Alex/STM32Cube/Repository/STM32Cube_FW_F0_V1.11.5/Drivers/CMSIS/Include\cmsis_gcc.h **** /**
 136:C:/Users/Alex/STM32Cube/Repository/STM32Cube_FW_F0_V1.11.5/Drivers/CMSIS/Include\cmsis_gcc.h ****   \brief   Disable IRQ Interrupts
 137:C:/Users/Alex/STM32Cube/Repository/STM32Cube_FW_F0_V1.11.5/Drivers/CMSIS/Include\cmsis_gcc.h ****   \details Disables IRQ interrupts by setting the I-bit in the CPSR.
 138:C:/Users/Alex/STM32Cube/Repository/STM32Cube_FW_F0_V1.11.5/Drivers/CMSIS/Include\cmsis_gcc.h ****            Can only be executed in Privileged modes.
 139:C:/Users/Alex/STM32Cube/Repository/STM32Cube_FW_F0_V1.11.5/Drivers/CMSIS/Include\cmsis_gcc.h ****  */
 140:C:/Users/Alex/STM32Cube/Repository/STM32Cube_FW_F0_V1.11.5/Drivers/CMSIS/Include\cmsis_gcc.h **** __STATIC_FORCEINLINE void __disable_irq(void)
  99              		.loc 2 140 27 view .LVU16
 100              	.LBB7:
 141:C:/Users/Alex/STM32Cube/Repository/STM32Cube_FW_F0_V1.11.5/Drivers/CMSIS/Include\cmsis_gcc.h **** {
 142:C:/Users/Alex/STM32Cube/Repository/STM32Cube_FW_F0_V1.11.5/Drivers/CMSIS/Include\cmsis_gcc.h ****   __ASM volatile ("cpsid i" : : : "memory");
ARM GAS  C:\Users\Alex\AppData\Local\Temp\cc9F3nm9.s 			page 9


 101              		.loc 2 142 3 view .LVU17
 102              		.syntax divided
 103              	@ 142 "C:/Users/Alex/STM32Cube/Repository/STM32Cube_FW_F0_V1.11.5/Drivers/CMSIS/Include/cmsis_gcc.h
 104 0000 72B6     		cpsid i
 105              	@ 0 "" 2
 106              		.thumb
 107              		.syntax unified
 108              	.L5:
 109              	.LBE7:
 110              	.LBE6:
 218:Core/Src/main.c ****   while (1)
 111              		.loc 1 218 3 view .LVU18
 219:Core/Src/main.c ****   {
 220:Core/Src/main.c ****   }
 112              		.loc 1 220 3 view .LVU19
 218:Core/Src/main.c ****   while (1)
 113              		.loc 1 218 9 view .LVU20
 114 0002 FEE7     		b	.L5
 115              		.cfi_endproc
 116              	.LFE44:
 118              		.section	.text.MX_USART1_UART_Init,"ax",%progbits
 119              		.align	1
 120              		.syntax unified
 121              		.code	16
 122              		.thumb_func
 124              	MX_USART1_UART_Init:
 125              	.LFB42:
 154:Core/Src/main.c **** 
 126              		.loc 1 154 1 view -0
 127              		.cfi_startproc
 128              		@ args = 0, pretend = 0, frame = 0
 129              		@ frame_needed = 0, uses_anonymous_args = 0
 130 0000 10B5     		push	{r4, lr}
 131              	.LCFI1:
 132              		.cfi_def_cfa_offset 8
 133              		.cfi_offset 4, -8
 134              		.cfi_offset 14, -4
 163:Core/Src/main.c ****   huart1.Init.BaudRate = 1200;
 135              		.loc 1 163 3 view .LVU22
 163:Core/Src/main.c ****   huart1.Init.BaudRate = 1200;
 136              		.loc 1 163 19 is_stmt 0 view .LVU23
 137 0002 1248     		ldr	r0, .L9
 138 0004 124B     		ldr	r3, .L9+4
 139 0006 0360     		str	r3, [r0]
 164:Core/Src/main.c ****   huart1.Init.WordLength = UART_WORDLENGTH_8B;
 140              		.loc 1 164 3 is_stmt 1 view .LVU24
 164:Core/Src/main.c ****   huart1.Init.WordLength = UART_WORDLENGTH_8B;
 141              		.loc 1 164 24 is_stmt 0 view .LVU25
 142 0008 9623     		movs	r3, #150
 143 000a DB00     		lsls	r3, r3, #3
 144 000c 4360     		str	r3, [r0, #4]
 165:Core/Src/main.c ****   huart1.Init.StopBits = UART_STOPBITS_1;
 145              		.loc 1 165 3 is_stmt 1 view .LVU26
 165:Core/Src/main.c ****   huart1.Init.StopBits = UART_STOPBITS_1;
 146              		.loc 1 165 26 is_stmt 0 view .LVU27
 147 000e 0023     		movs	r3, #0
 148 0010 8360     		str	r3, [r0, #8]
ARM GAS  C:\Users\Alex\AppData\Local\Temp\cc9F3nm9.s 			page 10


 166:Core/Src/main.c ****   huart1.Init.Parity = UART_PARITY_NONE;
 149              		.loc 1 166 3 is_stmt 1 view .LVU28
 166:Core/Src/main.c ****   huart1.Init.Parity = UART_PARITY_NONE;
 150              		.loc 1 166 24 is_stmt 0 view .LVU29
 151 0012 C360     		str	r3, [r0, #12]
 167:Core/Src/main.c ****   huart1.Init.Mode = UART_MODE_TX_RX;
 152              		.loc 1 167 3 is_stmt 1 view .LVU30
 167:Core/Src/main.c ****   huart1.Init.Mode = UART_MODE_TX_RX;
 153              		.loc 1 167 22 is_stmt 0 view .LVU31
 154 0014 0361     		str	r3, [r0, #16]
 168:Core/Src/main.c ****   huart1.Init.HwFlowCtl = UART_HWCONTROL_NONE;
 155              		.loc 1 168 3 is_stmt 1 view .LVU32
 168:Core/Src/main.c ****   huart1.Init.HwFlowCtl = UART_HWCONTROL_NONE;
 156              		.loc 1 168 20 is_stmt 0 view .LVU33
 157 0016 0C22     		movs	r2, #12
 158 0018 4261     		str	r2, [r0, #20]
 169:Core/Src/main.c ****   huart1.Init.OverSampling = UART_OVERSAMPLING_8;
 159              		.loc 1 169 3 is_stmt 1 view .LVU34
 169:Core/Src/main.c ****   huart1.Init.OverSampling = UART_OVERSAMPLING_8;
 160              		.loc 1 169 25 is_stmt 0 view .LVU35
 161 001a 8361     		str	r3, [r0, #24]
 170:Core/Src/main.c ****   huart1.Init.OneBitSampling = UART_ONE_BIT_SAMPLE_ENABLE;
 162              		.loc 1 170 3 is_stmt 1 view .LVU36
 170:Core/Src/main.c ****   huart1.Init.OneBitSampling = UART_ONE_BIT_SAMPLE_ENABLE;
 163              		.loc 1 170 28 is_stmt 0 view .LVU37
 164 001c 8023     		movs	r3, #128
 165 001e 1B02     		lsls	r3, r3, #8
 166 0020 C361     		str	r3, [r0, #28]
 171:Core/Src/main.c ****   huart1.AdvancedInit.AdvFeatureInit = UART_ADVFEATURE_TXINVERT_INIT|UART_ADVFEATURE_RXINVERT_INIT
 167              		.loc 1 171 3 is_stmt 1 view .LVU38
 171:Core/Src/main.c ****   huart1.AdvancedInit.AdvFeatureInit = UART_ADVFEATURE_TXINVERT_INIT|UART_ADVFEATURE_RXINVERT_INIT
 168              		.loc 1 171 30 is_stmt 0 view .LVU39
 169 0022 8023     		movs	r3, #128
 170 0024 1B01     		lsls	r3, r3, #4
 171 0026 0362     		str	r3, [r0, #32]
 172:Core/Src/main.c ****                               |UART_ADVFEATURE_DATAINVERT_INIT;
 172              		.loc 1 172 3 is_stmt 1 view .LVU40
 172:Core/Src/main.c ****                               |UART_ADVFEATURE_DATAINVERT_INIT;
 173              		.loc 1 172 38 is_stmt 0 view .LVU41
 174 0028 0723     		movs	r3, #7
 175 002a 4362     		str	r3, [r0, #36]
 174:Core/Src/main.c ****   huart1.AdvancedInit.RxPinLevelInvert = UART_ADVFEATURE_RXINV_ENABLE;
 176              		.loc 1 174 3 is_stmt 1 view .LVU42
 174:Core/Src/main.c ****   huart1.AdvancedInit.RxPinLevelInvert = UART_ADVFEATURE_RXINV_ENABLE;
 177              		.loc 1 174 40 is_stmt 0 view .LVU43
 178 002c 8023     		movs	r3, #128
 179 002e 9B02     		lsls	r3, r3, #10
 180 0030 8362     		str	r3, [r0, #40]
 175:Core/Src/main.c ****   huart1.AdvancedInit.DataInvert = UART_ADVFEATURE_DATAINV_ENABLE;
 181              		.loc 1 175 3 is_stmt 1 view .LVU44
 175:Core/Src/main.c ****   huart1.AdvancedInit.DataInvert = UART_ADVFEATURE_DATAINV_ENABLE;
 182              		.loc 1 175 40 is_stmt 0 view .LVU45
 183 0032 8023     		movs	r3, #128
 184 0034 5B02     		lsls	r3, r3, #9
 185 0036 C362     		str	r3, [r0, #44]
 176:Core/Src/main.c ****   if (HAL_UART_Init(&huart1) != HAL_OK)
 186              		.loc 1 176 3 is_stmt 1 view .LVU46
ARM GAS  C:\Users\Alex\AppData\Local\Temp\cc9F3nm9.s 			page 11


 176:Core/Src/main.c ****   if (HAL_UART_Init(&huart1) != HAL_OK)
 187              		.loc 1 176 34 is_stmt 0 view .LVU47
 188 0038 8023     		movs	r3, #128
 189 003a DB02     		lsls	r3, r3, #11
 190 003c 0363     		str	r3, [r0, #48]
 177:Core/Src/main.c ****   {
 191              		.loc 1 177 3 is_stmt 1 view .LVU48
 177:Core/Src/main.c ****   {
 192              		.loc 1 177 7 is_stmt 0 view .LVU49
 193 003e FFF7FEFF 		bl	HAL_UART_Init
 194              	.LVL0:
 177:Core/Src/main.c ****   {
 195              		.loc 1 177 6 discriminator 1 view .LVU50
 196 0042 0028     		cmp	r0, #0
 197 0044 00D1     		bne	.L8
 185:Core/Src/main.c **** 
 198              		.loc 1 185 1 view .LVU51
 199              		@ sp needed
 200 0046 10BD     		pop	{r4, pc}
 201              	.L8:
 179:Core/Src/main.c ****   }
 202              		.loc 1 179 5 is_stmt 1 view .LVU52
 203 0048 FFF7FEFF 		bl	Error_Handler
 204              	.LVL1:
 205              	.L10:
 206              		.align	2
 207              	.L9:
 208 004c 00000000 		.word	huart1
 209 0050 00380140 		.word	1073821696
 210              		.cfi_endproc
 211              	.LFE42:
 213              		.section	.text.SystemClock_Config,"ax",%progbits
 214              		.align	1
 215              		.global	SystemClock_Config
 216              		.syntax unified
 217              		.code	16
 218              		.thumb_func
 220              	SystemClock_Config:
 221              	.LFB41:
 112:Core/Src/main.c ****   RCC_OscInitTypeDef RCC_OscInitStruct = {0};
 222              		.loc 1 112 1 view -0
 223              		.cfi_startproc
 224              		@ args = 0, pretend = 0, frame = 80
 225              		@ frame_needed = 0, uses_anonymous_args = 0
 226 0000 10B5     		push	{r4, lr}
 227              	.LCFI2:
 228              		.cfi_def_cfa_offset 8
 229              		.cfi_offset 4, -8
 230              		.cfi_offset 14, -4
 231 0002 94B0     		sub	sp, sp, #80
 232              	.LCFI3:
 233              		.cfi_def_cfa_offset 88
 113:Core/Src/main.c ****   RCC_ClkInitTypeDef RCC_ClkInitStruct = {0};
 234              		.loc 1 113 3 view .LVU54
 113:Core/Src/main.c ****   RCC_ClkInitTypeDef RCC_ClkInitStruct = {0};
 235              		.loc 1 113 22 is_stmt 0 view .LVU55
 236 0004 08AC     		add	r4, sp, #32
ARM GAS  C:\Users\Alex\AppData\Local\Temp\cc9F3nm9.s 			page 12


 237 0006 3022     		movs	r2, #48
 238 0008 0021     		movs	r1, #0
 239 000a 2000     		movs	r0, r4
 240 000c FFF7FEFF 		bl	memset
 241              	.LVL2:
 114:Core/Src/main.c ****   RCC_PeriphCLKInitTypeDef PeriphClkInit = {0};
 242              		.loc 1 114 3 is_stmt 1 view .LVU56
 114:Core/Src/main.c ****   RCC_PeriphCLKInitTypeDef PeriphClkInit = {0};
 243              		.loc 1 114 22 is_stmt 0 view .LVU57
 244 0010 1022     		movs	r2, #16
 245 0012 0021     		movs	r1, #0
 246 0014 04A8     		add	r0, sp, #16
 247 0016 FFF7FEFF 		bl	memset
 248              	.LVL3:
 115:Core/Src/main.c **** 
 249              		.loc 1 115 3 is_stmt 1 view .LVU58
 115:Core/Src/main.c **** 
 250              		.loc 1 115 28 is_stmt 0 view .LVU59
 251 001a 1022     		movs	r2, #16
 252 001c 0021     		movs	r1, #0
 253 001e 6846     		mov	r0, sp
 254 0020 FFF7FEFF 		bl	memset
 255              	.LVL4:
 120:Core/Src/main.c ****   RCC_OscInitStruct.HSEState = RCC_HSE_ON;
 256              		.loc 1 120 3 is_stmt 1 view .LVU60
 120:Core/Src/main.c ****   RCC_OscInitStruct.HSEState = RCC_HSE_ON;
 257              		.loc 1 120 36 is_stmt 0 view .LVU61
 258 0024 0123     		movs	r3, #1
 259 0026 0893     		str	r3, [sp, #32]
 121:Core/Src/main.c ****   RCC_OscInitStruct.PLL.PLLState = RCC_PLL_NONE;
 260              		.loc 1 121 3 is_stmt 1 view .LVU62
 121:Core/Src/main.c ****   RCC_OscInitStruct.PLL.PLLState = RCC_PLL_NONE;
 261              		.loc 1 121 30 is_stmt 0 view .LVU63
 262 0028 0993     		str	r3, [sp, #36]
 122:Core/Src/main.c ****   if (HAL_RCC_OscConfig(&RCC_OscInitStruct) != HAL_OK)
 263              		.loc 1 122 3 is_stmt 1 view .LVU64
 123:Core/Src/main.c ****   {
 264              		.loc 1 123 3 view .LVU65
 123:Core/Src/main.c ****   {
 265              		.loc 1 123 7 is_stmt 0 view .LVU66
 266 002a 2000     		movs	r0, r4
 267 002c FFF7FEFF 		bl	HAL_RCC_OscConfig
 268              	.LVL5:
 123:Core/Src/main.c ****   {
 269              		.loc 1 123 6 discriminator 1 view .LVU67
 270 0030 0028     		cmp	r0, #0
 271 0032 17D1     		bne	.L15
 130:Core/Src/main.c ****                               |RCC_CLOCKTYPE_PCLK1;
 272              		.loc 1 130 3 is_stmt 1 view .LVU68
 130:Core/Src/main.c ****                               |RCC_CLOCKTYPE_PCLK1;
 273              		.loc 1 130 31 is_stmt 0 view .LVU69
 274 0034 04A8     		add	r0, sp, #16
 275 0036 0723     		movs	r3, #7
 276 0038 0493     		str	r3, [sp, #16]
 132:Core/Src/main.c ****   RCC_ClkInitStruct.AHBCLKDivider = RCC_SYSCLK_DIV1;
 277              		.loc 1 132 3 is_stmt 1 view .LVU70
 132:Core/Src/main.c ****   RCC_ClkInitStruct.AHBCLKDivider = RCC_SYSCLK_DIV1;
ARM GAS  C:\Users\Alex\AppData\Local\Temp\cc9F3nm9.s 			page 13


 278              		.loc 1 132 34 is_stmt 0 view .LVU71
 279 003a 063B     		subs	r3, r3, #6
 280 003c 4360     		str	r3, [r0, #4]
 133:Core/Src/main.c ****   RCC_ClkInitStruct.APB1CLKDivider = RCC_HCLK_DIV1;
 281              		.loc 1 133 3 is_stmt 1 view .LVU72
 133:Core/Src/main.c ****   RCC_ClkInitStruct.APB1CLKDivider = RCC_HCLK_DIV1;
 282              		.loc 1 133 35 is_stmt 0 view .LVU73
 283 003e 0023     		movs	r3, #0
 284 0040 8360     		str	r3, [r0, #8]
 134:Core/Src/main.c **** 
 285              		.loc 1 134 3 is_stmt 1 view .LVU74
 134:Core/Src/main.c **** 
 286              		.loc 1 134 36 is_stmt 0 view .LVU75
 287 0042 C360     		str	r3, [r0, #12]
 136:Core/Src/main.c ****   {
 288              		.loc 1 136 3 is_stmt 1 view .LVU76
 136:Core/Src/main.c ****   {
 289              		.loc 1 136 7 is_stmt 0 view .LVU77
 290 0044 0021     		movs	r1, #0
 291 0046 FFF7FEFF 		bl	HAL_RCC_ClockConfig
 292              	.LVL6:
 136:Core/Src/main.c ****   {
 293              		.loc 1 136 6 discriminator 1 view .LVU78
 294 004a 0028     		cmp	r0, #0
 295 004c 0CD1     		bne	.L16
 140:Core/Src/main.c ****   PeriphClkInit.Usart1ClockSelection = RCC_USART1CLKSOURCE_PCLK1;
 296              		.loc 1 140 3 is_stmt 1 view .LVU79
 140:Core/Src/main.c ****   PeriphClkInit.Usart1ClockSelection = RCC_USART1CLKSOURCE_PCLK1;
 297              		.loc 1 140 38 is_stmt 0 view .LVU80
 298 004e 6846     		mov	r0, sp
 299 0050 0123     		movs	r3, #1
 300 0052 0093     		str	r3, [sp]
 141:Core/Src/main.c ****   if (HAL_RCCEx_PeriphCLKConfig(&PeriphClkInit) != HAL_OK)
 301              		.loc 1 141 3 is_stmt 1 view .LVU81
 141:Core/Src/main.c ****   if (HAL_RCCEx_PeriphCLKConfig(&PeriphClkInit) != HAL_OK)
 302              		.loc 1 141 38 is_stmt 0 view .LVU82
 303 0054 0023     		movs	r3, #0
 304 0056 0293     		str	r3, [sp, #8]
 142:Core/Src/main.c ****   {
 305              		.loc 1 142 3 is_stmt 1 view .LVU83
 142:Core/Src/main.c ****   {
 306              		.loc 1 142 7 is_stmt 0 view .LVU84
 307 0058 FFF7FEFF 		bl	HAL_RCCEx_PeriphCLKConfig
 308              	.LVL7:
 142:Core/Src/main.c ****   {
 309              		.loc 1 142 6 discriminator 1 view .LVU85
 310 005c 0028     		cmp	r0, #0
 311 005e 05D1     		bne	.L17
 146:Core/Src/main.c **** 
 312              		.loc 1 146 1 view .LVU86
 313 0060 14B0     		add	sp, sp, #80
 314              		@ sp needed
 315 0062 10BD     		pop	{r4, pc}
 316              	.L15:
 125:Core/Src/main.c ****   }
 317              		.loc 1 125 5 is_stmt 1 view .LVU87
 318 0064 FFF7FEFF 		bl	Error_Handler
ARM GAS  C:\Users\Alex\AppData\Local\Temp\cc9F3nm9.s 			page 14


 319              	.LVL8:
 320              	.L16:
 138:Core/Src/main.c ****   }
 321              		.loc 1 138 5 view .LVU88
 322 0068 FFF7FEFF 		bl	Error_Handler
 323              	.LVL9:
 324              	.L17:
 144:Core/Src/main.c ****   }
 325              		.loc 1 144 5 view .LVU89
 326 006c FFF7FEFF 		bl	Error_Handler
 327              	.LVL10:
 328              		.cfi_endproc
 329              	.LFE41:
 331              		.section	.text.main,"ax",%progbits
 332              		.align	1
 333              		.global	main
 334              		.syntax unified
 335              		.code	16
 336              		.thumb_func
 338              	main:
 339              	.LFB40:
  67:Core/Src/main.c **** 
 340              		.loc 1 67 1 view -0
 341              		.cfi_startproc
 342              		@ Volatile: function does not return.
 343              		@ args = 0, pretend = 0, frame = 0
 344              		@ frame_needed = 0, uses_anonymous_args = 0
 345 0000 10B5     		push	{r4, lr}
 346              	.LCFI4:
 347              		.cfi_def_cfa_offset 8
 348              		.cfi_offset 4, -8
 349              		.cfi_offset 14, -4
  76:Core/Src/main.c **** 
 350              		.loc 1 76 3 view .LVU91
 351 0002 FFF7FEFF 		bl	HAL_Init
 352              	.LVL11:
  83:Core/Src/main.c **** 
 353              		.loc 1 83 3 view .LVU92
 354 0006 FFF7FEFF 		bl	SystemClock_Config
 355              	.LVL12:
  90:Core/Src/main.c ****   MX_USART1_UART_Init();
 356              		.loc 1 90 3 view .LVU93
 357 000a FFF7FEFF 		bl	MX_GPIO_Init
 358              	.LVL13:
  91:Core/Src/main.c ****   /* USER CODE BEGIN 2 */
 359              		.loc 1 91 3 view .LVU94
 360 000e FFF7FEFF 		bl	MX_USART1_UART_Init
 361              	.LVL14:
 362              	.L19:
  98:Core/Src/main.c ****   {
 363              		.loc 1 98 3 view .LVU95
 103:Core/Src/main.c ****   /* USER CODE END 3 */
 364              		.loc 1 103 3 view .LVU96
  98:Core/Src/main.c ****   {
 365              		.loc 1 98 9 view .LVU97
 366 0012 FEE7     		b	.L19
 367              		.cfi_endproc
ARM GAS  C:\Users\Alex\AppData\Local\Temp\cc9F3nm9.s 			page 15


 368              	.LFE40:
 370              		.global	huart1
 371              		.section	.bss.huart1,"aw",%nobits
 372              		.align	2
 375              	huart1:
 376 0000 00000000 		.space	136
 376      00000000 
 376      00000000 
 376      00000000 
 376      00000000 
 377              		.text
 378              	.Letext0:
 379              		.file 3 "C:/Program Files (x86)/Arm GNU Toolchain arm-none-eabi/14.2 rel1/arm-none-eabi/include/ma
 380              		.file 4 "C:/Program Files (x86)/Arm GNU Toolchain arm-none-eabi/14.2 rel1/arm-none-eabi/include/sy
 381              		.file 5 "C:/Users/Alex/STM32Cube/Repository/STM32Cube_FW_F0_V1.11.5/Drivers/CMSIS/Device/ST/STM32F
 382              		.file 6 "C:/Users/Alex/STM32Cube/Repository/STM32Cube_FW_F0_V1.11.5/Drivers/STM32F0xx_HAL_Driver/I
 383              		.file 7 "C:/Users/Alex/STM32Cube/Repository/STM32Cube_FW_F0_V1.11.5/Drivers/STM32F0xx_HAL_Driver/I
 384              		.file 8 "C:/Users/Alex/STM32Cube/Repository/STM32Cube_FW_F0_V1.11.5/Drivers/STM32F0xx_HAL_Driver/I
 385              		.file 9 "C:/Users/Alex/STM32Cube/Repository/STM32Cube_FW_F0_V1.11.5/Drivers/STM32F0xx_HAL_Driver/I
 386              		.file 10 "C:/Users/Alex/STM32Cube/Repository/STM32Cube_FW_F0_V1.11.5/Drivers/STM32F0xx_HAL_Driver/
 387              		.file 11 "C:/Users/Alex/STM32Cube/Repository/STM32Cube_FW_F0_V1.11.5/Drivers/STM32F0xx_HAL_Driver/
 388              		.file 12 "<built-in>"
ARM GAS  C:\Users\Alex\AppData\Local\Temp\cc9F3nm9.s 			page 16


DEFINED SYMBOLS
                            *ABS*:00000000 main.c
C:\Users\Alex\AppData\Local\Temp\cc9F3nm9.s:19     .text.MX_GPIO_Init:00000000 $t
C:\Users\Alex\AppData\Local\Temp\cc9F3nm9.s:24     .text.MX_GPIO_Init:00000000 MX_GPIO_Init
C:\Users\Alex\AppData\Local\Temp\cc9F3nm9.s:76     .text.MX_GPIO_Init:0000002c $d
C:\Users\Alex\AppData\Local\Temp\cc9F3nm9.s:81     .text.Error_Handler:00000000 $t
C:\Users\Alex\AppData\Local\Temp\cc9F3nm9.s:87     .text.Error_Handler:00000000 Error_Handler
C:\Users\Alex\AppData\Local\Temp\cc9F3nm9.s:119    .text.MX_USART1_UART_Init:00000000 $t
C:\Users\Alex\AppData\Local\Temp\cc9F3nm9.s:124    .text.MX_USART1_UART_Init:00000000 MX_USART1_UART_Init
C:\Users\Alex\AppData\Local\Temp\cc9F3nm9.s:208    .text.MX_USART1_UART_Init:0000004c $d
C:\Users\Alex\AppData\Local\Temp\cc9F3nm9.s:375    .bss.huart1:00000000 huart1
C:\Users\Alex\AppData\Local\Temp\cc9F3nm9.s:214    .text.SystemClock_Config:00000000 $t
C:\Users\Alex\AppData\Local\Temp\cc9F3nm9.s:220    .text.SystemClock_Config:00000000 SystemClock_Config
C:\Users\Alex\AppData\Local\Temp\cc9F3nm9.s:332    .text.main:00000000 $t
C:\Users\Alex\AppData\Local\Temp\cc9F3nm9.s:338    .text.main:00000000 main
C:\Users\Alex\AppData\Local\Temp\cc9F3nm9.s:372    .bss.huart1:00000000 $d

UNDEFINED SYMBOLS
HAL_UART_Init
memset
HAL_RCC_OscConfig
HAL_RCC_ClockConfig
HAL_RCCEx_PeriphCLKConfig
HAL_Init
